# JRE version: Java(TM) SE Runtime Environment (17.0.8+9) (build 17.0.8+9-LTS-211)
# Java VM: Java HotSpot(TM) 64-Bit Server VM (17.0.8+9-LTS-211, mixed mode, sharing, tiered, compressed oops, compressed class ptrs, g1 gc, windows-amd64)
GC Precious Log:
 CPUs: 8 total, 8 available
 Memory: 7926M
 Large Page Support: Disabled
 NUMA Support: Disabled
 Compressed Oops: Enabled (32-bit)
 Heap Region Size: 1M
 Heap Min Capacity: 8M
 Heap Initial Capacity: 124M
 Heap Max Capacity: 1982M
 Pre-touch: Disabled
 Parallel Workers: 8
 Concurrent Workers: 2
 Concurrent Refinement Workers: 8
 Periodic GC: Disabled
Heap:
 garbage-first heap   total 162816K, used 94022K [0x0000000084200000, 0x0000000100000000)
  region size 1024K, 27 young (27648K), 7 survivors (7168K)
 Metaspace       used 67073K, committed 67392K, reserved 1114112K
  class space    used 7584K, committed 7744K, reserved 1048576K
GC Heap History (20 events):
Event: 20.791 GC heap before
{Heap before GC invocations=21 (full 0):
 garbage-first heap   total 80896K, used 61549K [0x0000000084200000, 0x0000000100000000)
  region size 1024K, 15 young (15360K), 1 survivors (1024K)
 Metaspace       used 53816K, committed 54144K, reserved 1114112K
  class space    used 6551K, committed 6656K, reserved 1048576K
}
Event: 20.803 GC heap after
{Heap after GC invocations=22 (full 0):
 garbage-first heap   total 80896K, used 49972K [0x0000000084200000, 0x0000000100000000)
  region size 1024K, 2 young (2048K), 2 survivors (2048K)
 Metaspace       used 53816K, committed 54144K, reserved 1114112K
  class space    used 6551K, committed 6656K, reserved 1048576K
}
Event: 22.239 GC heap before
{Heap before GC invocations=23 (full 0):
 garbage-first heap   total 86016K, used 63284K [0x0000000084200000, 0x0000000100000000)
  region size 1024K, 15 young (15360K), 2 survivors (2048K)
 Metaspace       used 54198K, committed 54528K, reserved 1114112K
  class space    used 6566K, committed 6720K, reserved 1048576K
}
Event: 22.258 GC heap after
{Heap after GC invocations=24 (full 0):
 garbage-first heap   total 86016K, used 53072K [0x0000000084200000, 0x0000000100000000)
  region size 1024K, 2 young (2048K), 2 survivors (2048K)
 Metaspace       used 54198K, committed 54528K, reserved 1114112K
  class space    used 6566K, committed 6720K, reserved 1048576K
}
Event: 22.422 GC heap before
{Heap before GC invocations=24 (full 0):
 garbage-first heap   total 86016K, used 55120K [0x0000000084200000, 0x0000000100000000)
  region size 1024K, 4 young (4096K), 2 survivors (2048K)
 Metaspace       used 54235K, committed 54592K, reserved 1114112K
  class space    used 6566K, committed 6720K, reserved 1048576K
}
Event: 22.432 GC heap after
{Heap after GC invocations=25 (full 0):
 garbage-first heap   total 103424K, used 52868K [0x0000000084200000, 0x0000000100000000)
  region size 1024K, 1 young (1024K), 1 survivors (1024K)
 Metaspace       used 54235K, committed 54592K, reserved 1114112K
  class space    used 6566K, committed 6720K, reserved 1048576K
}
Event: 25.214 GC heap before
{Heap before GC invocations=25 (full 0):
 garbage-first heap   total 103424K, used 75396K [0x0000000084200000, 0x0000000100000000)
  region size 1024K, 24 young (24576K), 1 survivors (1024K)
 Metaspace       used 57297K, committed 57600K, reserved 1114112K
  class space    used 6834K, committed 6976K, reserved 1048576K
}
Event: 25.227 GC heap after
{Heap after GC invocations=26 (full 0):
 garbage-first heap   total 103424K, used 55382K [0x0000000084200000, 0x0000000100000000)
  region size 1024K, 3 young (3072K), 3 survivors (3072K)
 Metaspace       used 57297K, committed 57600K, reserved 1114112K
  class space    used 6834K, committed 6976K, reserved 1048576K
}
Event: 27.457 GC heap before
{Heap before GC invocations=27 (full 0):
 garbage-first heap   total 103424K, used 76886K [0x0000000084200000, 0x0000000100000000)
  region size 1024K, 25 young (25600K), 3 survivors (3072K)
 Metaspace       used 58187K, committed 58496K, reserved 1114112K
  class space    used 6883K, committed 7040K, reserved 1048576K
}
Event: 27.480 GC heap after
{Heap after GC invocations=28 (full 0):
 garbage-first heap   total 103424K, used 58612K [0x0000000084200000, 0x0000000100000000)
  region size 1024K, 4 young (4096K), 4 survivors (4096K)
 Metaspace       used 58187K, committed 58496K, reserved 1114112K
  class space    used 6883K, committed 7040K, reserved 1048576K
}
Event: 27.595 GC heap before
{Heap before GC invocations=28 (full 0):
 garbage-first heap   total 103424K, used 59636K [0x0000000084200000, 0x0000000100000000)
  region size 1024K, 5 young (5120K), 4 survivors (4096K)
 Metaspace       used 58208K, committed 58560K, reserved 1114112K
  class space    used 6883K, committed 7040K, reserved 1048576K
}
Event: 27.607 GC heap after
{Heap after GC invocations=29 (full 0):
 garbage-first heap   total 103424K, used 58791K [0x0000000084200000, 0x0000000100000000)
  region size 1024K, 1 young (1024K), 1 survivors (1024K)
 Metaspace       used 58208K, committed 58560K, reserved 1114112K
  class space    used 6883K, committed 7040K, reserved 1048576K
}
Event: 30.071 GC heap before
{Heap before GC invocations=29 (full 0):
 garbage-first heap   total 103424K, used 79271K [0x0000000084200000, 0x0000000100000000)
  region size 1024K, 21 young (21504K), 1 survivors (1024K)
 Metaspace       used 58442K, committed 58752K, reserved 1114112K
  class space    used 6883K, committed 7040K, reserved 1048576K
}
Event: 30.095 GC heap after
{Heap after GC invocations=30 (full 0):
 garbage-first heap   total 103424K, used 62861K [0x0000000084200000, 0x0000000100000000)
  region size 1024K, 3 young (3072K), 3 survivors (3072K)
 Metaspace       used 58442K, committed 58752K, reserved 1114112K
  class space    used 6883K, committed 7040K, reserved 1048576K
}
Event: 31.173 GC heap before
{Heap before GC invocations=31 (full 0):
 garbage-first heap   total 109568K, used 80269K [0x0000000084200000, 0x0000000100000000)
  region size 1024K, 20 young (20480K), 3 survivors (3072K)
 Metaspace       used 59704K, committed 59968K, reserved 1114112K
  class space    used 7006K, committed 7104K, reserved 1048576K
}
Event: 31.193 GC heap after
{Heap after GC invocations=32 (full 0):
 garbage-first heap   total 109568K, used 65877K [0x0000000084200000, 0x0000000100000000)
  region size 1024K, 3 young (3072K), 3 survivors (3072K)
 Metaspace       used 59704K, committed 59968K, reserved 1114112K
  class space    used 7006K, committed 7104K, reserved 1048576K
}
Event: 31.399 GC heap before
{Heap before GC invocations=32 (full 0):
 garbage-first heap   total 109568K, used 67925K [0x0000000084200000, 0x0000000100000000)
  region size 1024K, 5 young (5120K), 3 survivors (3072K)
 Metaspace       used 60030K, committed 60352K, reserved 1114112K
  class space    used 7043K, committed 7168K, reserved 1048576K
}
Event: 31.408 GC heap after
{Heap after GC invocations=33 (full 0):
 garbage-first heap   total 162816K, used 66347K [0x0000000084200000, 0x0000000100000000)
  region size 1024K, 1 young (1024K), 1 survivors (1024K)
 Metaspace       used 60030K, committed 60352K, reserved 1114112K
  class space    used 7043K, committed 7168K, reserved 1048576K
}
Event: 36.313 GC heap before
{Heap before GC invocations=33 (full 0):
 garbage-first heap   total 162816K, used 117547K [0x0000000084200000, 0x0000000100000000)
  region size 1024K, 51 young (52224K), 1 survivors (1024K)
 Metaspace       used 65428K, committed 65728K, reserved 1114112K
  class space    used 7490K, committed 7616K, reserved 1048576K
}
Event: 36.339 GC heap after
{Heap after GC invocations=34 (full 0):
 garbage-first heap   total 162816K, used 74566K [0x0000000084200000, 0x0000000100000000)
  region size 1024K, 7 young (7168K), 7 survivors (7168K)
 Metaspace       used 65428K, committed 65728K, reserved 1114112K
  class space    used 7490K, committed 7616K, reserved 1048576K
}

